<?xml version="1.0" encoding="UTF-8"?>
<coverage generated="1770852572">
  <project timestamp="1770852572" name="Clover Coverage">
    <package name="App\Console\Commands">
      <file name="/Users/ocarrasco/Sites/pro-motors-api/app/Console/Commands/BaseFileGeneratorCommand.php">
        <class name="App\Console\Commands\BaseFileGeneratorCommand" namespace="App\Console\Commands">
          <metrics complexity="10" methods="4" coveredmethods="0" conditionals="0" coveredconditionals="0" statements="27" coveredstatements="0" elements="31" coveredelements="0"/>
        </class>
        <line num="9" type="method" name="normalizeName" visibility="protected" complexity="1" crap="2" count="0"/>
        <line num="11" type="stmt" count="0"/>
        <line num="12" type="stmt" count="0"/>
        <line num="13" type="stmt" count="0"/>
        <line num="14" type="stmt" count="0"/>
        <line num="16" type="stmt" count="0"/>
        <line num="19" type="method" name="buildFileFromStub" visibility="protected" complexity="2" crap="6" count="0"/>
        <line num="26" type="stmt" count="0"/>
        <line num="27" type="stmt" count="0"/>
        <line num="29" type="stmt" count="0"/>
        <line num="30" type="stmt" count="0"/>
        <line num="33" type="stmt" count="0"/>
        <line num="36" type="method" name="generateTest" visibility="protected" complexity="4" crap="20" count="0"/>
        <line num="43" type="stmt" count="0"/>
        <line num="44" type="stmt" count="0"/>
        <line num="46" type="stmt" count="0"/>
        <line num="47" type="stmt" count="0"/>
        <line num="50" type="stmt" count="0"/>
        <line num="51" type="stmt" count="0"/>
        <line num="52" type="stmt" count="0"/>
        <line num="54" type="stmt" count="0"/>
        <line num="55" type="stmt" count="0"/>
        <line num="57" type="stmt" count="0"/>
        <line num="58" type="stmt" count="0"/>
        <line num="61" type="method" name="createDirectoryAndFile" visibility="protected" complexity="3" crap="12" count="0"/>
        <line num="63" type="stmt" count="0"/>
        <line num="64" type="stmt" count="0"/>
        <line num="67" type="stmt" count="0"/>
        <line num="68" type="stmt" count="0"/>
        <line num="69" type="stmt" count="0"/>
        <line num="72" type="stmt" count="0"/>
        <metrics loc="75" ncloc="75" classes="1" methods="4" coveredmethods="0" conditionals="0" coveredconditionals="0" statements="27" coveredstatements="0" elements="31" coveredelements="0"/>
      </file>
      <file name="/Users/ocarrasco/Sites/pro-motors-api/app/Console/Commands/ConfigureMeilisearchIndexes.php">
        <class name="App\Console\Commands\ConfigureMeilisearchIndexes" namespace="App\Console\Commands">
          <metrics complexity="1" methods="1" coveredmethods="0" conditionals="0" coveredconditionals="0" statements="10" coveredstatements="0" elements="11" coveredelements="0"/>
        </class>
        <line num="27" type="method" name="handle" visibility="public" complexity="1" crap="2" count="0"/>
        <line num="29" type="stmt" count="0"/>
        <line num="30" type="stmt" count="0"/>
        <line num="32" type="stmt" count="0"/>
        <line num="33" type="stmt" count="0"/>
        <line num="34" type="stmt" count="0"/>
        <line num="35" type="stmt" count="0"/>
        <line num="37" type="stmt" count="0"/>
        <line num="38" type="stmt" count="0"/>
        <line num="39" type="stmt" count="0"/>
        <line num="40" type="stmt" count="0"/>
        <metrics loc="43" ncloc="30" classes="1" methods="1" coveredmethods="0" conditionals="0" coveredconditionals="0" statements="10" coveredstatements="0" elements="11" coveredelements="0"/>
      </file>
      <file name="/Users/ocarrasco/Sites/pro-motors-api/app/Console/Commands/MakeDTO.php">
        <class name="App\Console\Commands\MakeDTO" namespace="App\Console\Commands">
          <metrics complexity="3" methods="1" coveredmethods="0" conditionals="0" coveredconditionals="0" statements="13" coveredstatements="0" elements="14" coveredelements="0"/>
        </class>
        <line num="24" type="method" name="handle" visibility="public" complexity="3" crap="12" count="0"/>
        <line num="26" type="stmt" count="0"/>
        <line num="28" type="stmt" count="0"/>
        <line num="29" type="stmt" count="0"/>
        <line num="31" type="stmt" count="0"/>
        <line num="32" type="stmt" count="0"/>
        <line num="35" type="stmt" count="0"/>
        <line num="36" type="stmt" count="0"/>
        <line num="37" type="stmt" count="0"/>
        <line num="38" type="stmt" count="0"/>
        <line num="39" type="stmt" count="0"/>
        <line num="40" type="stmt" count="0"/>
        <line num="41" type="stmt" count="0"/>
        <line num="43" type="stmt" count="0"/>
        <metrics loc="46" ncloc="33" classes="1" methods="1" coveredmethods="0" conditionals="0" coveredconditionals="0" statements="13" coveredstatements="0" elements="14" coveredelements="0"/>
      </file>
      <file name="/Users/ocarrasco/Sites/pro-motors-api/app/Console/Commands/MakeService.php">
        <class name="App\Console\Commands\MakeService" namespace="App\Console\Commands">
          <metrics complexity="4" methods="1" coveredmethods="0" conditionals="0" coveredconditionals="0" statements="15" coveredstatements="0" elements="16" coveredelements="0"/>
        </class>
        <line num="24" type="method" name="handle" visibility="public" complexity="4" crap="20" count="0"/>
        <line num="26" type="stmt" count="0"/>
        <line num="28" type="stmt" count="0"/>
        <line num="29" type="stmt" count="0"/>
        <line num="31" type="stmt" count="0"/>
        <line num="32" type="stmt" count="0"/>
        <line num="35" type="stmt" count="0"/>
        <line num="36" type="stmt" count="0"/>
        <line num="37" type="stmt" count="0"/>
        <line num="38" type="stmt" count="0"/>
        <line num="39" type="stmt" count="0"/>
        <line num="40" type="stmt" count="0"/>
        <line num="41" type="stmt" count="0"/>
        <line num="43" type="stmt" count="0"/>
        <line num="45" type="stmt" count="0"/>
        <line num="46" type="stmt" count="0"/>
        <metrics loc="50" ncloc="37" classes="1" methods="1" coveredmethods="0" conditionals="0" coveredconditionals="0" statements="15" coveredstatements="0" elements="16" coveredelements="0"/>
      </file>
    </package>
    <file name="/Users/ocarrasco/Sites/pro-motors-api/app/Core/Auth/AuthService.php">
      <metrics loc="18" ncloc="18" classes="0" methods="0" coveredmethods="0" conditionals="0" coveredconditionals="0" statements="0" coveredstatements="0" elements="0" coveredelements="0"/>
    </file>
    <package name="App\Core\Auth">
      <file name="/Users/ocarrasco/Sites/pro-motors-api/app/Core/Auth/AuthServiceImpl.php">
        <class name="App\Core\Auth\AuthServiceImpl" namespace="App\Core\Auth">
          <metrics complexity="11" methods="5" coveredmethods="4" conditionals="0" coveredconditionals="0" statements="23" coveredstatements="19" elements="28" coveredelements="23"/>
        </class>
        <line num="16" type="method" name="__construct" visibility="public" complexity="1" crap="1" count="10"/>
        <line num="18" type="method" name="login" visibility="public" complexity="7" crap="8.14" count="5"/>
        <line num="20" type="stmt" count="5"/>
        <line num="22" type="stmt" count="5"/>
        <line num="23" type="stmt" count="3"/>
        <line num="24" type="stmt" count="3"/>
        <line num="25" type="stmt" count="3"/>
        <line num="28" type="stmt" count="2"/>
        <line num="29" type="stmt" count="0"/>
        <line num="30" type="stmt" count="0"/>
        <line num="31" type="stmt" count="0"/>
        <line num="34" type="stmt" count="2"/>
        <line num="35" type="stmt" count="2"/>
        <line num="37" type="stmt" count="2"/>
        <line num="38" type="stmt" count="0"/>
        <line num="41" type="stmt" count="2"/>
        <line num="44" type="method" name="logout" visibility="public" complexity="1" crap="1" count="1"/>
        <line num="46" type="stmt" count="1"/>
        <line num="49" type="method" name="refresh" visibility="public" complexity="1" crap="1" count="1"/>
        <line num="51" type="stmt" count="1"/>
        <line num="53" type="stmt" count="1"/>
        <line num="56" type="method" name="me" visibility="public" complexity="1" crap="1" count="1"/>
        <line num="58" type="stmt" count="1"/>
        <line num="59" type="stmt" count="1"/>
        <line num="60" type="stmt" count="1"/>
        <line num="61" type="stmt" count="1"/>
        <line num="62" type="stmt" count="1"/>
        <metrics loc="65" ncloc="65" classes="1" methods="5" coveredmethods="4" conditionals="0" coveredconditionals="0" statements="23" coveredstatements="19" elements="28" coveredelements="23"/>
      </file>
      <file name="/Users/ocarrasco/Sites/pro-motors-api/app/Core/Auth/TokenServiceImpl.php">
        <class name="App\Core\Auth\TokenServiceImpl" namespace="App\Core\Auth">
          <metrics complexity="8" methods="4" coveredmethods="1" conditionals="0" coveredconditionals="0" statements="26" coveredstatements="17" elements="30" coveredelements="18"/>
        </class>
        <line num="11" type="method" name="generateToken" visibility="public" complexity="1" crap="1" count="3"/>
        <line num="13" type="stmt" count="3"/>
        <line num="14" type="stmt" count="3"/>
        <line num="15" type="stmt" count="3"/>
        <line num="16" type="stmt" count="3"/>
        <line num="17" type="stmt" count="3"/>
        <line num="19" type="stmt" count="3"/>
        <line num="20" type="stmt" count="3"/>
        <line num="22" type="stmt" count="3"/>
        <line num="23" type="stmt" count="3"/>
        <line num="24" type="stmt" count="3"/>
        <line num="26" type="stmt" count="3"/>
        <line num="27" type="stmt" count="3"/>
        <line num="28" type="stmt" count="3"/>
        <line num="29" type="stmt" count="3"/>
        <line num="32" type="method" name="revokeToken" visibility="public" complexity="2" crap="2.06" count="2"/>
        <line num="35" type="stmt" count="2"/>
        <line num="37" type="stmt" count="2"/>
        <line num="38" type="stmt" count="2"/>
        <line num="41" type="stmt" count="0"/>
        <line num="44" type="method" name="revokeAllTokens" visibility="public" complexity="1" crap="2" count="0"/>
        <line num="46" type="stmt" count="0"/>
        <line num="49" type="method" name="verifyToken" visibility="public" complexity="4" crap="20" count="0"/>
        <line num="51" type="stmt" count="0"/>
        <line num="52" type="stmt" count="0"/>
        <line num="53" type="stmt" count="0"/>
        <line num="56" type="stmt" count="0"/>
        <line num="58" type="stmt" count="0"/>
        <line num="59" type="stmt" count="0"/>
        <line num="62" type="stmt" count="0"/>
        <metrics loc="65" ncloc="64" classes="1" methods="4" coveredmethods="1" conditionals="0" coveredconditionals="0" statements="26" coveredstatements="17" elements="30" coveredelements="18"/>
      </file>
    </package>
    <file name="/Users/ocarrasco/Sites/pro-motors-api/app/Core/Auth/TokenService.php">
      <metrics loc="34" ncloc="18" classes="0" methods="0" coveredmethods="0" conditionals="0" coveredconditionals="0" statements="0" coveredstatements="0" elements="0" coveredelements="0"/>
    </file>
    <file name="/Users/ocarrasco/Sites/pro-motors-api/app/Core/Catalogs/ProductService.php">
      <metrics loc="9" ncloc="8" classes="0" methods="0" coveredmethods="0" conditionals="0" coveredconditionals="0" statements="0" coveredstatements="0" elements="0" coveredelements="0"/>
    </file>
    <package name="App\Core\Catalogs">
      <file name="/Users/ocarrasco/Sites/pro-motors-api/app/Core/Catalogs/ProductServiceImpl.php">
        <class name="App\Core\Catalogs\ProductServiceImpl" namespace="App\Core\Catalogs">
          <metrics complexity="1" methods="1" coveredmethods="0" conditionals="0" coveredconditionals="0" statements="1" coveredstatements="0" elements="2" coveredelements="0"/>
        </class>
        <line num="10" type="method" name="example" visibility="public" complexity="1" crap="2" count="0"/>
        <line num="12" type="stmt" count="0"/>
        <metrics loc="14" ncloc="10" classes="1" methods="1" coveredmethods="0" conditionals="0" coveredconditionals="0" statements="1" coveredstatements="0" elements="2" coveredelements="0"/>
      </file>
    </package>
    <package name="App\Core\DTO\Common">
      <file name="/Users/ocarrasco/Sites/pro-motors-api/app/Core/DTO/Common/SearchDTO.php">
        <class name="App\Core\DTO\Common\SearchDTO" namespace="App\Core\DTO\Common">
          <metrics complexity="1" methods="1" coveredmethods="1" conditionals="0" coveredconditionals="0" statements="1" coveredstatements="1" elements="2" coveredelements="2"/>
        </class>
        <line num="10" type="method" name="__construct" visibility="public" complexity="1" crap="1" count="3"/>
        <line num="18" type="stmt" count="3"/>
        <metrics loc="20" ncloc="20" classes="1" methods="1" coveredmethods="1" conditionals="0" coveredconditionals="0" statements="1" coveredstatements="1" elements="2" coveredelements="2"/>
      </file>
    </package>
    <package name="App\Core\DTO">
      <file name="/Users/ocarrasco/Sites/pro-motors-api/app/Core/DTO/UserSearchDTO.php">
        <class name="App\Core\DTO\UserSearchDTO" namespace="App\Core\DTO">
          <metrics complexity="2" methods="2" coveredmethods="0" conditionals="0" coveredconditionals="0" statements="8" coveredstatements="0" elements="10" coveredelements="0"/>
        </class>
        <line num="11" type="method" name="__construct" visibility="public" complexity="1" crap="2" count="0"/>
        <line num="17" type="stmt" count="0"/>
        <line num="23" type="method" name="fromRequest" visibility="public" complexity="1" crap="2" count="0"/>
        <line num="25" type="stmt" count="0"/>
        <line num="26" type="stmt" count="0"/>
        <line num="27" type="stmt" count="0"/>
        <line num="28" type="stmt" count="0"/>
        <line num="29" type="stmt" count="0"/>
        <line num="30" type="stmt" count="0"/>
        <line num="31" type="stmt" count="0"/>
        <metrics loc="34" ncloc="30" classes="1" methods="2" coveredmethods="0" conditionals="0" coveredconditionals="0" statements="8" coveredstatements="0" elements="10" coveredelements="0"/>
      </file>
    </package>
    <package name="App\Core\DTOs">
      <file name="/Users/ocarrasco/Sites/pro-motors-api/app/Core/DTOs/UserDTO.php">
        <class name="App\Core\DTOs\UserDTO" namespace="App\Core\DTOs">
          <metrics complexity="5" methods="4" coveredmethods="0" conditionals="0" coveredconditionals="0" statements="28" coveredstatements="0" elements="32" coveredelements="0"/>
        </class>
        <line num="7" type="method" name="__construct" visibility="public" complexity="1" crap="2" count="0"/>
        <line num="18" type="stmt" count="0"/>
        <line num="20" type="method" name="fromArray" visibility="public" complexity="2" crap="6" count="0"/>
        <line num="22" type="stmt" count="0"/>
        <line num="23" type="stmt" count="0"/>
        <line num="24" type="stmt" count="0"/>
        <line num="25" type="stmt" count="0"/>
        <line num="26" type="stmt" count="0"/>
        <line num="27" type="stmt" count="0"/>
        <line num="28" type="stmt" count="0"/>
        <line num="29" type="stmt" count="0"/>
        <line num="30" type="stmt" count="0"/>
        <line num="31" type="stmt" count="0"/>
        <line num="32" type="stmt" count="0"/>
        <line num="33" type="stmt" count="0"/>
        <line num="34" type="stmt" count="0"/>
        <line num="35" type="stmt" count="0"/>
        <line num="38" type="method" name="toArray" visibility="public" complexity="1" crap="2" count="0"/>
        <line num="40" type="stmt" count="0"/>
        <line num="41" type="stmt" count="0"/>
        <line num="42" type="stmt" count="0"/>
        <line num="43" type="stmt" count="0"/>
        <line num="44" type="stmt" count="0"/>
        <line num="45" type="stmt" count="0"/>
        <line num="46" type="stmt" count="0"/>
        <line num="47" type="stmt" count="0"/>
        <line num="48" type="stmt" count="0"/>
        <line num="49" type="stmt" count="0"/>
        <line num="50" type="stmt" count="0"/>
        <line num="51" type="stmt" count="0"/>
        <line num="54" type="method" name="getFullName" visibility="public" complexity="1" crap="2" count="0"/>
        <line num="56" type="stmt" count="0"/>
        <metrics loc="59" ncloc="59" classes="1" methods="4" coveredmethods="0" conditionals="0" coveredconditionals="0" statements="28" coveredstatements="0" elements="32" coveredelements="0"/>
      </file>
    </package>
    <package name="App\Core\Enums">
      <file name="/Users/ocarrasco/Sites/pro-motors-api/app/Core/Enums/BillingPeriodEnum.php">
        <class name="App\Core\Enums\BillingPeriodEnum" namespace="App\Core\Enums">
          <metrics complexity="6" methods="1" coveredmethods="0" conditionals="0" coveredconditionals="0" statements="7" coveredstatements="0" elements="8" coveredelements="0"/>
        </class>
        <line num="13" type="method" name="label" visibility="public" complexity="6" crap="42" count="0"/>
        <line num="15" type="stmt" count="0"/>
        <line num="16" type="stmt" count="0"/>
        <line num="17" type="stmt" count="0"/>
        <line num="18" type="stmt" count="0"/>
        <line num="19" type="stmt" count="0"/>
        <line num="20" type="stmt" count="0"/>
        <line num="21" type="stmt" count="0"/>
        <metrics loc="24" ncloc="24" classes="1" methods="1" coveredmethods="0" conditionals="0" coveredconditionals="0" statements="7" coveredstatements="0" elements="8" coveredelements="0"/>
      </file>
    </package>
    <file name="/Users/ocarrasco/Sites/pro-motors-api/app/Core/Enums/LicenseEnum.php">
      <metrics loc="10" ncloc="10" classes="0" methods="0" coveredmethods="0" conditionals="0" coveredconditionals="0" statements="0" coveredstatements="0" elements="0" coveredelements="0"/>
    </file>
    <file name="/Users/ocarrasco/Sites/pro-motors-api/app/Core/Enums/PermissionsEnum.php">
      <metrics loc="80" ncloc="72" classes="0" methods="0" coveredmethods="0" conditionals="0" coveredconditionals="0" statements="0" coveredstatements="0" elements="0" coveredelements="0"/>
    </file>
    <file name="/Users/ocarrasco/Sites/pro-motors-api/app/Core/Enums/RolesEnum.php">
      <metrics loc="14" ncloc="14" classes="0" methods="0" coveredmethods="0" conditionals="0" coveredconditionals="0" statements="0" coveredstatements="0" elements="0" coveredelements="0"/>
    </file>
    <file name="/Users/ocarrasco/Sites/pro-motors-api/app/Core/Enums/StatusEnum.php">
      <metrics loc="59" ncloc="37" classes="0" methods="0" coveredmethods="0" conditionals="0" coveredconditionals="0" statements="0" coveredstatements="0" elements="0" coveredelements="0"/>
    </file>
    <package name="App\Core\Scout\Configurators">
      <file name="/Users/ocarrasco/Sites/pro-motors-api/app/Core/Scout/Configurators/UserIndexConfigurator.php">
        <class name="App\Core\Scout\Configurators\UserIndexConfigurator" namespace="App\Core\Scout\Configurators">
          <metrics complexity="4" methods="4" coveredmethods="0" conditionals="0" coveredconditionals="0" statements="16" coveredstatements="0" elements="20" coveredelements="0"/>
        </class>
        <line num="10" type="method" name="indexName" visibility="public" complexity="1" crap="2" count="0"/>
        <line num="12" type="stmt" count="0"/>
        <line num="15" type="method" name="filterable" visibility="public" complexity="1" crap="2" count="0"/>
        <line num="17" type="stmt" count="0"/>
        <line num="18" type="stmt" count="0"/>
        <line num="19" type="stmt" count="0"/>
        <line num="22" type="method" name="sortable" visibility="public" complexity="1" crap="2" count="0"/>
        <line num="24" type="stmt" count="0"/>
        <line num="25" type="stmt" count="0"/>
        <line num="26" type="stmt" count="0"/>
        <line num="27" type="stmt" count="0"/>
        <line num="28" type="stmt" count="0"/>
        <line num="29" type="stmt" count="0"/>
        <line num="32" type="method" name="searchable" visibility="public" complexity="1" crap="2" count="0"/>
        <line num="34" type="stmt" count="0"/>
        <line num="35" type="stmt" count="0"/>
        <line num="36" type="stmt" count="0"/>
        <line num="37" type="stmt" count="0"/>
        <line num="38" type="stmt" count="0"/>
        <line num="39" type="stmt" count="0"/>
        <metrics loc="42" ncloc="42" classes="1" methods="4" coveredmethods="0" conditionals="0" coveredconditionals="0" statements="16" coveredstatements="0" elements="20" coveredelements="0"/>
      </file>
    </package>
    <file name="/Users/ocarrasco/Sites/pro-motors-api/app/Core/Scout/Contracts/SearchableIndex.php">
      <metrics loc="12" ncloc="12" classes="0" methods="0" coveredmethods="0" conditionals="0" coveredconditionals="0" statements="0" coveredstatements="0" elements="0" coveredelements="0"/>
    </file>
    <package name="App\Core\Scout\Settings">
      <file name="/Users/ocarrasco/Sites/pro-motors-api/app/Core/Scout/Settings/UserIndexSettings.php">
        <class name="App\Core\Scout\Settings\UserIndexSettings" namespace="App\Core\Scout\Settings">
          <metrics complexity="3" methods="3" coveredmethods="0" conditionals="0" coveredconditionals="0" statements="16" coveredstatements="0" elements="19" coveredelements="0"/>
        </class>
        <line num="7" type="method" name="filterable" visibility="public" complexity="1" crap="2" count="0"/>
        <line num="9" type="stmt" count="0"/>
        <line num="10" type="stmt" count="0"/>
        <line num="11" type="stmt" count="0"/>
        <line num="12" type="stmt" count="0"/>
        <line num="13" type="stmt" count="0"/>
        <line num="14" type="stmt" count="0"/>
        <line num="17" type="method" name="searchable" visibility="public" complexity="1" crap="2" count="0"/>
        <line num="19" type="stmt" count="0"/>
        <line num="20" type="stmt" count="0"/>
        <line num="21" type="stmt" count="0"/>
        <line num="22" type="stmt" count="0"/>
        <line num="23" type="stmt" count="0"/>
        <line num="24" type="stmt" count="0"/>
        <line num="27" type="method" name="sortable" visibility="public" complexity="1" crap="2" count="0"/>
        <line num="29" type="stmt" count="0"/>
        <line num="30" type="stmt" count="0"/>
        <line num="31" type="stmt" count="0"/>
        <line num="32" type="stmt" count="0"/>
        <metrics loc="35" ncloc="35" classes="1" methods="3" coveredmethods="0" conditionals="0" coveredconditionals="0" statements="16" coveredstatements="0" elements="19" coveredelements="0"/>
      </file>
    </package>
    <package name="App\Core\Scout\Specifications">
      <file name="/Users/ocarrasco/Sites/pro-motors-api/app/Core/Scout/Specifications/CompanyScopeSpecification.php">
        <class name="App\Core\Scout\Specifications\CompanyScopeSpecification" namespace="App\Core\Scout\Specifications">
          <metrics complexity="3" methods="2" coveredmethods="0" conditionals="0" coveredconditionals="0" statements="3" coveredstatements="0" elements="5" coveredelements="0"/>
        </class>
        <line num="9" type="method" name="__construct" visibility="public" complexity="1" crap="2" count="0"/>
        <line num="11" type="method" name="apply" visibility="public" complexity="2" crap="6" count="0"/>
        <line num="13" type="stmt" count="0"/>
        <line num="14" type="stmt" count="0"/>
        <metrics loc="18" ncloc="18" classes="1" methods="2" coveredmethods="0" conditionals="0" coveredconditionals="0" statements="3" coveredstatements="0" elements="5" coveredelements="0"/>
      </file>
    </package>
    <file name="/Users/ocarrasco/Sites/pro-motors-api/app/Core/Scout/Specifications/UserSpecification.php">
      <metrics loc="9" ncloc="9" classes="0" methods="0" coveredmethods="0" conditionals="0" coveredconditionals="0" statements="0" coveredstatements="0" elements="0" coveredelements="0"/>
    </file>
    <package name="App\Core\Scout\Support">
      <file name="/Users/ocarrasco/Sites/pro-motors-api/app/Core/Scout/Support/MeilisearchConfigurator.php">
        <class name="App\Core\Scout\Support\MeilisearchConfigurator" namespace="App\Core\Scout\Support">
          <metrics complexity="1" methods="1" coveredmethods="0" conditionals="0" coveredconditionals="0" statements="5" coveredstatements="0" elements="6" coveredelements="0"/>
        </class>
        <line num="10" type="method" name="configure" visibility="public" complexity="1" crap="2" count="0"/>
        <line num="12" type="stmt" count="0"/>
        <line num="13" type="stmt" count="0"/>
        <line num="15" type="stmt" count="0"/>
        <line num="16" type="stmt" count="0"/>
        <line num="17" type="stmt" count="0"/>
        <metrics loc="20" ncloc="20" classes="1" methods="1" coveredmethods="0" conditionals="0" coveredconditionals="0" statements="5" coveredstatements="0" elements="6" coveredelements="0"/>
      </file>
    </package>
    <file name="/Users/ocarrasco/Sites/pro-motors-api/app/Core/Settings/CompanyService.php">
      <metrics loc="197" ncloc="37" classes="0" methods="0" coveredmethods="0" conditionals="0" coveredconditionals="0" statements="0" coveredstatements="0" elements="0" coveredelements="0"/>
    </file>
    <package name="App\Core\Settings">
      <file name="/Users/ocarrasco/Sites/pro-motors-api/app/Core/Settings/CompanyServiceImpl.php">
        <class name="App\Core\Settings\CompanyServiceImpl" namespace="App\Core\Settings">
          <metrics complexity="22" methods="16" coveredmethods="0" conditionals="0" coveredconditionals="0" statements="73" coveredstatements="0" elements="89" coveredelements="0"/>
        </class>
        <line num="18" type="method" name="getCompanies" visibility="public" complexity="2" crap="6" count="0"/>
        <line num="21" type="stmt" count="0"/>
        <line num="22" type="stmt" count="0"/>
        <line num="23" type="stmt" count="0"/>
        <line num="24" type="stmt" count="0"/>
        <line num="25" type="stmt" count="0"/>
        <line num="26" type="stmt" count="0"/>
        <line num="27" type="stmt" count="0"/>
        <line num="28" type="stmt" count="0"/>
        <line num="30" type="stmt" count="0"/>
        <line num="31" type="stmt" count="0"/>
        <line num="43" type="method" name="getCompany" visibility="public" complexity="3" crap="12" count="0"/>
        <line num="46" type="stmt" count="0"/>
        <line num="47" type="stmt" count="0"/>
        <line num="49" type="stmt" count="0"/>
        <line num="50" type="stmt" count="0"/>
        <line num="51" type="stmt" count="0"/>
        <line num="52" type="stmt" count="0"/>
        <line num="55" type="stmt" count="0"/>
        <line num="56" type="stmt" count="0"/>
        <line num="57" type="stmt" count="0"/>
        <line num="58" type="stmt" count="0"/>
        <line num="59" type="stmt" count="0"/>
        <line num="61" type="stmt" count="0"/>
        <line num="62" type="stmt" count="0"/>
        <line num="77" type="method" name="createCompany" visibility="public" complexity="3" crap="12" count="0"/>
        <line num="80" type="stmt" count="0"/>
        <line num="81" type="stmt" count="0"/>
        <line num="82" type="stmt" count="0"/>
        <line num="83" type="stmt" count="0"/>
        <line num="87" type="stmt" count="0"/>
        <line num="89" type="stmt" count="0"/>
        <line num="90" type="stmt" count="0"/>
        <line num="91" type="stmt" count="0"/>
        <line num="93" type="stmt" count="0"/>
        <line num="94" type="stmt" count="0"/>
        <line num="108" type="method" name="updateCompany" visibility="public" complexity="1" crap="2" count="0"/>
        <line num="111" type="stmt" count="0"/>
        <line num="122" type="method" name="deleteCompany" visibility="public" complexity="2" crap="6" count="0"/>
        <line num="124" type="stmt" count="0"/>
        <line num="125" type="stmt" count="0"/>
        <line num="128" type="stmt" count="0"/>
        <line num="129" type="stmt" count="0"/>
        <line num="130" type="stmt" count="0"/>
        <line num="143" type="method" name="assignToGroup" visibility="public" complexity="1" crap="2" count="0"/>
        <line num="146" type="stmt" count="0"/>
        <line num="157" type="method" name="removeFromGroup" visibility="public" complexity="1" crap="2" count="0"/>
        <line num="160" type="stmt" count="0"/>
        <line num="170" type="method" name="isCompanyActive" visibility="public" complexity="1" crap="2" count="0"/>
        <line num="172" type="stmt" count="0"/>
        <line num="174" type="stmt" count="0"/>
        <line num="186" type="method" name="enableCompany" visibility="public" complexity="1" crap="2" count="0"/>
        <line num="188" type="stmt" count="0"/>
        <line num="200" type="method" name="disableCompany" visibility="public" complexity="1" crap="2" count="0"/>
        <line num="203" type="stmt" count="0"/>
        <line num="212" type="method" name="updateDefaultTax" visibility="public" complexity="1" crap="2" count="0"/>
        <line num="215" type="stmt" count="0"/>
        <line num="223" type="method" name="getDefaultTax" visibility="public" complexity="1" crap="2" count="0"/>
        <line num="226" type="stmt" count="0"/>
        <line num="237" type="method" name="getAccessiblePriceLists" visibility="public" complexity="1" crap="2" count="0"/>
        <line num="240" type="stmt" count="0"/>
        <line num="251" type="method" name="notifyProductUpdates" visibility="public" complexity="1" crap="2" count="0"/>
        <line num="254" type="stmt" count="0"/>
        <line num="265" type="method" name="validateSubscriptionPayment" visibility="public" complexity="1" crap="2" count="0"/>
        <line num="268" type="stmt" count="0"/>
        <line num="270" type="method" name="selectFields" visibility="private" complexity="1" crap="2" count="0"/>
        <line num="272" type="stmt" count="0"/>
        <line num="273" type="stmt" count="0"/>
        <line num="274" type="stmt" count="0"/>
        <line num="275" type="stmt" count="0"/>
        <line num="276" type="stmt" count="0"/>
        <line num="277" type="stmt" count="0"/>
        <line num="278" type="stmt" count="0"/>
        <line num="279" type="stmt" count="0"/>
        <line num="280" type="stmt" count="0"/>
        <line num="281" type="stmt" count="0"/>
        <line num="282" type="stmt" count="0"/>
        <line num="283" type="stmt" count="0"/>
        <line num="284" type="stmt" count="0"/>
        <line num="285" type="stmt" count="0"/>
        <line num="286" type="stmt" count="0"/>
        <line num="287" type="stmt" count="0"/>
        <line num="288" type="stmt" count="0"/>
        <line num="289" type="stmt" count="0"/>
        <line num="290" type="stmt" count="0"/>
        <line num="291" type="stmt" count="0"/>
        <line num="292" type="stmt" count="0"/>
        <line num="293" type="stmt" count="0"/>
        <line num="294" type="stmt" count="0"/>
        <metrics loc="297" ncloc="158" classes="1" methods="16" coveredmethods="0" conditionals="0" coveredconditionals="0" statements="73" coveredstatements="0" elements="89" coveredelements="0"/>
      </file>
      <file name="/Users/ocarrasco/Sites/pro-motors-api/app/Core/Settings/UserServiceImpl.php">
        <class name="App\Core\Settings\UserServiceImpl" namespace="App\Core\Settings">
          <metrics complexity="36" methods="20" coveredmethods="7" conditionals="0" coveredconditionals="0" statements="95" coveredstatements="61" elements="115" coveredelements="68"/>
        </class>
        <line num="23" type="method" name="authUser" visibility="protected" complexity="3" crap="3.07" count="3"/>
        <line num="25" type="stmt" count="3"/>
        <line num="26" type="stmt" count="3"/>
        <line num="28" type="stmt" count="3"/>
        <line num="29" type="stmt" count="0"/>
        <line num="33" type="stmt" count="3"/>
        <line num="39" type="method" name="getUsers" visibility="public" complexity="4" crap="4.47" count="3"/>
        <line num="41" type="stmt" count="3"/>
        <line num="42" type="stmt" count="3"/>
        <line num="43" type="stmt" count="3"/>
        <line num="44" type="stmt" count="3"/>
        <line num="45" type="stmt" count="3"/>
        <line num="47" type="stmt" count="3"/>
        <line num="48" type="stmt" count="1"/>
        <line num="49" type="stmt" count="1"/>
        <line num="50" type="stmt" count="0"/>
        <line num="51" type="stmt" count="0"/>
        <line num="52" type="stmt" count="1"/>
        <line num="53" type="stmt" count="1"/>
        <line num="56" type="stmt" count="2"/>
        <line num="57" type="stmt" count="2"/>
        <line num="58" type="stmt" count="2"/>
        <line num="59" type="stmt" count="2"/>
        <line num="61" type="stmt" count="2"/>
        <line num="62" type="stmt" count="0"/>
        <line num="63" type="stmt" count="0"/>
        <line num="64" type="stmt" count="0"/>
        <line num="65" type="stmt" count="0"/>
        <line num="66" type="stmt" count="0"/>
        <line num="67" type="stmt" count="0"/>
        <line num="70" type="stmt" count="2"/>
        <line num="71" type="stmt" count="2"/>
        <line num="72" type="stmt" count="2"/>
        <line num="78" type="method" name="getUser" visibility="public" complexity="1" crap="1" count="1"/>
        <line num="80" type="stmt" count="1"/>
        <line num="87" type="method" name="createUser" visibility="public" complexity="4" crap="4.15" count="2"/>
        <line num="90" type="stmt" count="2"/>
        <line num="92" type="stmt" count="2"/>
        <line num="94" type="stmt" count="2"/>
        <line num="95" type="stmt" count="1"/>
        <line num="96" type="stmt" count="1"/>
        <line num="97" type="stmt" count="1"/>
        <line num="98" type="stmt" count="1"/>
        <line num="101" type="stmt" count="2"/>
        <line num="103" type="stmt" count="2"/>
        <line num="105" type="stmt" count="2"/>
        <line num="106" type="stmt" count="0"/>
        <line num="107" type="stmt" count="0"/>
        <line num="109" type="stmt" count="0"/>
        <line num="110" type="stmt" count="0"/>
        <line num="113" type="stmt" count="2"/>
        <line num="114" type="stmt" count="2"/>
        <line num="115" type="stmt" count="2"/>
        <line num="116" type="stmt" count="2"/>
        <line num="117" type="stmt" count="2"/>
        <line num="124" type="method" name="updateUser" visibility="public" complexity="7" crap="18.96" count="1"/>
        <line num="127" type="stmt" count="1"/>
        <line num="129" type="stmt" count="1"/>
        <line num="130" type="stmt" count="0"/>
        <line num="131" type="stmt" count="0"/>
        <line num="132" type="stmt" count="0"/>
        <line num="133" type="stmt" count="0"/>
        <line num="134" type="stmt" count="0"/>
        <line num="138" type="stmt" count="1"/>
        <line num="140" type="stmt" count="1"/>
        <line num="141" type="stmt" count="0"/>
        <line num="144" type="stmt" count="1"/>
        <line num="145" type="stmt" count="0"/>
        <line num="146" type="stmt" count="0"/>
        <line num="147" type="stmt" count="0"/>
        <line num="148" type="stmt" count="0"/>
        <line num="151" type="stmt" count="1"/>
        <line num="157" type="method" name="deleteUser" visibility="public" complexity="1" crap="1" count="1"/>
        <line num="159" type="stmt" count="1"/>
        <line num="165" type="method" name="restoreUser" visibility="public" complexity="1" crap="1.12" count="1"/>
        <line num="167" type="stmt" count="1"/>
        <line num="169" type="stmt" count="0"/>
        <line num="175" type="method" name="resetPassword" visibility="public" complexity="1" crap="2" count="0"/>
        <line num="177" type="stmt" count="0"/>
        <line num="178" type="stmt" count="0"/>
        <line num="180" type="stmt" count="0"/>
        <line num="186" type="method" name="isUserActive" visibility="public" complexity="1" crap="1.12" count="2"/>
        <line num="188" type="stmt" count="2"/>
        <line num="190" type="stmt" count="0"/>
        <line num="196" type="method" name="enableDisableUser" visibility="public" complexity="1" crap="1" count="1"/>
        <line num="198" type="stmt" count="1"/>
        <line num="200" type="stmt" count="1"/>
        <line num="208" type="method" name="getCompanyUsers" visibility="public" complexity="1" crap="1" count="3"/>
        <line num="210" type="stmt" count="3"/>
        <line num="216" type="method" name="getUserCompany" visibility="public" complexity="2" crap="2" count="3"/>
        <line num="218" type="stmt" count="3"/>
        <line num="224" type="method" name="getAssignedPriceLists" visibility="public" complexity="1" crap="1.12" count="1"/>
        <line num="226" type="stmt" count="1"/>
        <line num="228" type="stmt" count="0"/>
        <line num="236" type="method" name="assignRole" visibility="public" complexity="1" crap="1" count="2"/>
        <line num="238" type="stmt" count="2"/>
        <line num="239" type="stmt" count="2"/>
        <line num="240" type="stmt" count="2"/>
        <line num="246" type="method" name="removeRole" visibility="public" complexity="1" crap="1.12" count="1"/>
        <line num="248" type="stmt" count="1"/>
        <line num="249" type="stmt" count="0"/>
        <line num="255" type="method" name="getRoles" visibility="public" complexity="1" crap="2" count="0"/>
        <line num="257" type="stmt" count="0"/>
        <line num="263" type="method" name="assignPermission" visibility="public" complexity="1" crap="1.12" count="1"/>
        <line num="265" type="stmt" count="1"/>
        <line num="266" type="stmt" count="0"/>
        <line num="272" type="method" name="removePermission" visibility="public" complexity="1" crap="1.12" count="1"/>
        <line num="274" type="stmt" count="1"/>
        <line num="275" type="stmt" count="0"/>
        <line num="281" type="method" name="getPermissions" visibility="public" complexity="1" crap="2" count="0"/>
        <line num="283" type="stmt" count="0"/>
        <line num="286" type="method" name="resolveCompany" visibility="protected" complexity="2" crap="2" count="5"/>
        <line num="288" type="stmt" count="5"/>
        <line num="289" type="stmt" count="2"/>
        <line num="292" type="stmt" count="3"/>
        <metrics loc="295" ncloc="235" classes="1" methods="20" coveredmethods="7" conditionals="0" coveredconditionals="0" statements="95" coveredstatements="61" elements="115" coveredelements="68"/>
      </file>
    </package>
    <file name="/Users/ocarrasco/Sites/pro-motors-api/app/Core/Settings/UserService.php">
      <metrics loc="114" ncloc="51" classes="0" methods="0" coveredmethods="0" conditionals="0" coveredconditionals="0" statements="0" coveredstatements="0" elements="0" coveredelements="0"/>
    </file>
    <file name="/Users/ocarrasco/Sites/pro-motors-api/app/Core/Subscriptions/SubscriptionService.php">
      <metrics loc="9" ncloc="9" classes="0" methods="0" coveredmethods="0" conditionals="0" coveredconditionals="0" statements="0" coveredstatements="0" elements="0" coveredelements="0"/>
    </file>
    <package name="App\Core\Subscriptions">
      <file name="/Users/ocarrasco/Sites/pro-motors-api/app/Core/Subscriptions/SubscriptionServiceImpl.php">
        <class name="App\Core\Subscriptions\SubscriptionServiceImpl" namespace="App\Core\Subscriptions">
          <metrics complexity="8" methods="5" coveredmethods="0" conditionals="0" coveredconditionals="0" statements="24" coveredstatements="0" elements="29" coveredelements="0"/>
        </class>
        <line num="13" type="method" name="validateAll" visibility="public" complexity="1" crap="2" count="0"/>
        <line num="15" type="stmt" count="0"/>
        <line num="16" type="stmt" count="0"/>
        <line num="17" type="stmt" count="0"/>
        <line num="18" type="stmt" count="0"/>
        <line num="19" type="stmt" count="0"/>
        <line num="22" type="method" name="validate" visibility="protected" complexity="4" crap="20" count="0"/>
        <line num="24" type="stmt" count="0"/>
        <line num="25" type="stmt" count="0"/>
        <line num="28" type="stmt" count="0"/>
        <line num="29" type="stmt" count="0"/>
        <line num="30" type="stmt" count="0"/>
        <line num="33" type="stmt" count="0"/>
        <line num="34" type="stmt" count="0"/>
        <line num="38" type="method" name="isPaid" visibility="protected" complexity="1" crap="2" count="0"/>
        <line num="40" type="stmt" count="0"/>
        <line num="41" type="stmt" count="0"/>
        <line num="42" type="stmt" count="0"/>
        <line num="43" type="stmt" count="0"/>
        <line num="44" type="stmt" count="0"/>
        <line num="45" type="stmt" count="0"/>
        <line num="48" type="method" name="isExpired" visibility="protected" complexity="1" crap="2" count="0"/>
        <line num="50" type="stmt" count="0"/>
        <line num="51" type="stmt" count="0"/>
        <line num="52" type="stmt" count="0"/>
        <line num="55" type="method" name="isExpiringSoon" visibility="protected" complexity="1" crap="2" count="0"/>
        <line num="57" type="stmt" count="0"/>
        <line num="58" type="stmt" count="0"/>
        <line num="59" type="stmt" count="0"/>
        <metrics loc="62" ncloc="62" classes="1" methods="5" coveredmethods="0" conditionals="0" coveredconditionals="0" statements="24" coveredstatements="0" elements="29" coveredelements="0"/>
      </file>
    </package>
    <package name="App\Core\Traits">
      <file name="/Users/ocarrasco/Sites/pro-motors-api/app/Core/Traits/ApiResponse.php">
        <class name="App\Core\Traits\ApiResponse" namespace="App\Core\Traits">
          <metrics complexity="7" methods="2" coveredmethods="0" conditionals="0" coveredconditionals="0" statements="18" coveredstatements="15" elements="20" coveredelements="15"/>
        </class>
        <line num="12" type="method" name="success" visibility="public" complexity="5" crap="5.15" count="13"/>
        <line num="14" type="stmt" count="13"/>
        <line num="15" type="stmt" count="0"/>
        <line num="16" type="stmt" count="13"/>
        <line num="17" type="stmt" count="8"/>
        <line num="18" type="stmt" count="8"/>
        <line num="20" type="stmt" count="5"/>
        <line num="21" type="stmt" count="0"/>
        <line num="23" type="stmt" count="5"/>
        <line num="27" type="stmt" count="13"/>
        <line num="28" type="stmt" count="13"/>
        <line num="29" type="stmt" count="13"/>
        <line num="32" type="method" name="error" visibility="public" complexity="2" crap="2.01" count="1"/>
        <line num="33" type="stmt" count="1"/>
        <line num="35" type="stmt" count="1"/>
        <line num="36" type="stmt" count="1"/>
        <line num="38" type="stmt" count="0"/>
        <line num="41" type="stmt" count="1"/>
        <line num="42" type="stmt" count="1"/>
        <line num="43" type="stmt" count="1"/>
        <metrics loc="46" ncloc="46" classes="1" methods="2" coveredmethods="0" conditionals="0" coveredconditionals="0" statements="18" coveredstatements="15" elements="20" coveredelements="15"/>
      </file>
      <file name="/Users/ocarrasco/Sites/pro-motors-api/app/Core/Traits/Blamable.php">
        <class name="App\Core\Traits\Blamable" namespace="App\Core\Traits">
          <metrics complexity="4" methods="1" coveredmethods="1" conditionals="0" coveredconditionals="0" statements="7" coveredstatements="7" elements="8" coveredelements="8"/>
        </class>
        <line num="7" type="method" name="bootBlamable" visibility="public" complexity="4" crap="4" count="72"/>
        <line num="9" type="stmt" count="72"/>
        <line num="10" type="stmt" count="72"/>
        <line num="11" type="stmt" count="72"/>
        <line num="12" type="stmt" count="72"/>
        <line num="14" type="stmt" count="72"/>
        <line num="15" type="stmt" count="6"/>
        <line num="16" type="stmt" count="72"/>
        <metrics loc="19" ncloc="19" classes="1" methods="1" coveredmethods="1" conditionals="0" coveredconditionals="0" statements="7" coveredstatements="7" elements="8" coveredelements="8"/>
      </file>
      <file name="/Users/ocarrasco/Sites/pro-motors-api/app/Core/Traits/HasSlug.php">
        <class name="App\Core\Traits\HasSlug" namespace="App\Core\Traits">
          <metrics complexity="45" methods="17" coveredmethods="3" conditionals="0" coveredconditionals="0" statements="95" coveredstatements="47" elements="112" coveredelements="50"/>
        </class>
        <line num="17" type="method" name="bootHasSlug" visibility="protected" complexity="1" crap="1.00" count="72"/>
        <line num="19" type="stmt" count="72"/>
        <line num="20" type="stmt" count="72"/>
        <line num="21" type="stmt" count="72"/>
        <line num="23" type="stmt" count="72"/>
        <line num="24" type="stmt" count="0"/>
        <line num="25" type="stmt" count="72"/>
        <line num="31" type="method" name="generateSlugOnCreate" visibility="protected" complexity="5" crap="6.32" count="72"/>
        <line num="33" type="stmt" count="72"/>
        <line num="35" type="stmt" count="72"/>
        <line num="36" type="stmt" count="0"/>
        <line num="39" type="stmt" count="72"/>
        <line num="40" type="stmt" count="0"/>
        <line num="43" type="stmt" count="72"/>
        <line num="44" type="stmt" count="0"/>
        <line num="47" type="stmt" count="72"/>
        <line num="53" type="method" name="generateSlugOnUpdate" visibility="protected" complexity="5" crap="30" count="0"/>
        <line num="55" type="stmt" count="0"/>
        <line num="57" type="stmt" count="0"/>
        <line num="58" type="stmt" count="0"/>
        <line num="61" type="stmt" count="0"/>
        <line num="62" type="stmt" count="0"/>
        <line num="65" type="stmt" count="0"/>
        <line num="66" type="stmt" count="0"/>
        <line num="69" type="stmt" count="0"/>
        <line num="75" type="method" name="generateSlug" visibility="public" complexity="1" crap="2" count="0"/>
        <line num="77" type="stmt" count="0"/>
        <line num="79" type="stmt" count="0"/>
        <line num="85" type="method" name="addSlug" visibility="protected" complexity="3" crap="3.01" count="72"/>
        <line num="87" type="stmt" count="72"/>
        <line num="89" type="stmt" count="72"/>
        <line num="91" type="stmt" count="72"/>
        <line num="92" type="stmt" count="72"/>
        <line num="95" type="stmt" count="72"/>
        <line num="96" type="stmt" count="0"/>
        <line num="99" type="stmt" count="72"/>
        <line num="100" type="stmt" count="72"/>
        <line num="101" type="stmt" count="72"/>
        <line num="104" type="method" name="generateNonUniqueSlug" visibility="protected" complexity="3" crap="3" count="72"/>
        <line num="106" type="stmt" count="72"/>
        <line num="108" type="stmt" count="72"/>
        <line num="109" type="stmt" count="71"/>
        <line num="112" type="stmt" count="72"/>
        <line num="115" type="method" name="hasCustomSlugBeenUsed" visibility="protected" complexity="1" crap="1" count="72"/>
        <line num="117" type="stmt" count="72"/>
        <line num="119" type="stmt" count="72"/>
        <line num="122" type="method" name="getSlugSourceString" visibility="protected" complexity="2" crap="2.09" count="72"/>
        <line num="124" type="stmt" count="72"/>
        <line num="125" type="stmt" count="0"/>
        <line num="127" type="stmt" count="0"/>
        <line num="130" type="stmt" count="72"/>
        <line num="131" type="stmt" count="72"/>
        <line num="132" type="stmt" count="72"/>
        <line num="134" type="stmt" count="72"/>
        <line num="137" type="method" name="getSlugSourceStringFromCallable" visibility="protected" complexity="1" crap="2" count="0"/>
        <line num="139" type="stmt" count="0"/>
        <line num="142" type="method" name="makeSlugUnique" visibility="protected" complexity="5" crap="5.39" count="72"/>
        <line num="144" type="stmt" count="72"/>
        <line num="145" type="stmt" count="72"/>
        <line num="148" type="stmt" count="72"/>
        <line num="149" type="stmt" count="72"/>
        <line num="150" type="stmt" count="72"/>
        <line num="152" type="stmt" count="0"/>
        <line num="153" type="stmt" count="0"/>
        <line num="156" type="stmt" count="72"/>
        <line num="159" type="method" name="generateSuffix" visibility="protected" complexity="2" crap="6" count="0"/>
        <line num="161" type="stmt" count="0"/>
        <line num="162" type="stmt" count="0"/>
        <line num="165" type="stmt" count="0"/>
        <line num="168" type="method" name="otherRecordExistsWithSlug" visibility="protected" complexity="4" crap="4.59" count="72"/>
        <line num="170" type="stmt" count="72"/>
        <line num="171" type="stmt" count="72"/>
        <line num="173" type="stmt" count="72"/>
        <line num="174" type="stmt" count="0"/>
        <line num="177" type="stmt" count="72"/>
        <line num="178" type="stmt" count="0"/>
        <line num="181" type="stmt" count="72"/>
        <line num="182" type="stmt" count="0"/>
        <line num="185" type="stmt" count="72"/>
        <line num="188" type="method" name="usesSoftDeletes" visibility="protected" complexity="1" crap="1" count="72"/>
        <line num="190" type="stmt" count="72"/>
        <line num="198" type="method" name="ensureValidSlugOptions" visibility="protected" complexity="5" crap="8.12" count="72"/>
        <line num="200" type="stmt" count="72"/>
        <line num="201" type="stmt" count="0"/>
        <line num="204" type="stmt" count="72"/>
        <line num="205" type="stmt" count="0"/>
        <line num="208" type="stmt" count="72"/>
        <line num="209" type="stmt" count="0"/>
        <line num="217" type="method" name="generateSubstring" visibility="protected" complexity="2" crap="2.15" count="72"/>
        <line num="219" type="stmt" count="72"/>
        <line num="220" type="stmt" count="72"/>
        <line num="223" type="stmt" count="0"/>
        <line num="233" type="method" name="findBySlug" visibility="public" complexity="3" crap="12" count="0"/>
        <line num="238" type="stmt" count="0"/>
        <line num="239" type="stmt" count="0"/>
        <line num="245" type="stmt" count="0"/>
        <line num="247" type="stmt" count="0"/>
        <line num="248" type="stmt" count="0"/>
        <line num="249" type="stmt" count="0"/>
        <line num="251" type="stmt" count="0"/>
        <line num="252" type="stmt" count="0"/>
        <line num="254" type="stmt" count="0"/>
        <line num="255" type="stmt" count="0"/>
        <line num="256" type="stmt" count="0"/>
        <line num="257" type="stmt" count="0"/>
        <line num="259" type="stmt" count="0"/>
        <line num="262" type="stmt" count="0"/>
        <line num="263" type="stmt" count="0"/>
        <line num="266" type="stmt" count="0"/>
        <line num="269" type="method" name="scopeGetBySlug" visibility="public" complexity="1" crap="2" count="0"/>
        <line num="271" type="stmt" count="0"/>
        <line num="272" type="stmt" count="0"/>
        <metrics loc="275" ncloc="243" classes="1" methods="17" coveredmethods="3" conditionals="0" coveredconditionals="0" statements="95" coveredstatements="47" elements="112" coveredelements="50"/>
      </file>
    </package>
    <package name="App\Core\Traits\Slug">
      <file name="/Users/ocarrasco/Sites/pro-motors-api/app/Core/Traits/Slug/HasTranslatableSlug.php">
        <class name="App\Core\Traits\Slug\HasTranslatableSlug" namespace="App\Core\Traits\Slug">
          <metrics complexity="23" methods="8" coveredmethods="0" conditionals="0" coveredconditionals="0" statements="56" coveredstatements="0" elements="64" coveredelements="0"/>
        </class>
        <line num="17" type="method" name="getLocalesForSlug" visibility="protected" complexity="2" crap="6" count="0"/>
        <line num="19" type="stmt" count="0"/>
        <line num="21" type="stmt" count="0"/>
        <line num="24" type="stmt" count="0"/>
        <line num="28" type="stmt" count="0"/>
        <line num="29" type="stmt" count="0"/>
        <line num="30" type="stmt" count="0"/>
        <line num="33" type="method" name="addSlug" visibility="protected" complexity="2" crap="6" count="0"/>
        <line num="35" type="stmt" count="0"/>
        <line num="37" type="stmt" count="0"/>
        <line num="38" type="stmt" count="0"/>
        <line num="39" type="stmt" count="0"/>
        <line num="41" type="stmt" count="0"/>
        <line num="43" type="stmt" count="0"/>
        <line num="47" type="stmt" count="0"/>
        <line num="49" type="stmt" count="0"/>
        <line num="52" type="stmt" count="0"/>
        <line num="55" type="stmt" count="0"/>
        <line num="56" type="stmt" count="0"/>
        <line num="57" type="stmt" count="0"/>
        <line num="60" type="method" name="generateNonUniqueSlug" visibility="protected" complexity="6" crap="42" count="0"/>
        <line num="62" type="stmt" count="0"/>
        <line num="63" type="stmt" count="0"/>
        <line num="65" type="stmt" count="0"/>
        <line num="67" type="stmt" count="0"/>
        <line num="68" type="stmt" count="0"/>
        <line num="69" type="stmt" count="0"/>
        <line num="71" type="stmt" count="0"/>
        <line num="72" type="stmt" count="0"/>
        <line num="75" type="stmt" count="0"/>
        <line num="78" type="method" name="getSlugSourceStringFromCallable" visibility="protected" complexity="1" crap="2" count="0"/>
        <line num="80" type="stmt" count="0"/>
        <line num="83" type="method" name="slugIsBasedOnTitle" visibility="protected" complexity="5" crap="30" count="0"/>
        <line num="85" type="stmt" count="0"/>
        <line num="86" type="stmt" count="0"/>
        <line num="87" type="stmt" count="0"/>
        <line num="89" type="stmt" count="0"/>
        <line num="90" type="stmt" count="0"/>
        <line num="93" type="stmt" count="0"/>
        <line num="94" type="stmt" count="0"/>
        <line num="97" type="stmt" count="0"/>
        <line num="98" type="stmt" count="0"/>
        <line num="100" type="stmt" count="0"/>
        <line num="103" type="method" name="getOriginalSourceString" visibility="protected" complexity="2" crap="6" count="0"/>
        <line num="105" type="stmt" count="0"/>
        <line num="106" type="stmt" count="0"/>
        <line num="108" type="stmt" count="0"/>
        <line num="111" type="stmt" count="0"/>
        <line num="112" type="stmt" count="0"/>
        <line num="113" type="stmt" count="0"/>
        <line num="115" type="stmt" count="0"/>
        <line num="118" type="method" name="hasCustomSlugBeenUsed" visibility="protected" complexity="1" crap="2" count="0"/>
        <line num="120" type="stmt" count="0"/>
        <line num="121" type="stmt" count="0"/>
        <line num="122" type="stmt" count="0"/>
        <line num="124" type="stmt" count="0"/>
        <line num="127" type="method" name="resolveRouteBindingQuery" visibility="public" complexity="4" crap="20" count="0"/>
        <line num="129" type="stmt" count="0"/>
        <line num="130" type="stmt" count="0"/>
        <line num="132" type="stmt" count="0"/>
        <line num="133" type="stmt" count="0"/>
        <line num="136" type="stmt" count="0"/>
        <line num="137" type="stmt" count="0"/>
        <line num="140" type="stmt" count="0"/>
        <metrics loc="143" ncloc="136" classes="1" methods="8" coveredmethods="0" conditionals="0" coveredconditionals="0" statements="56" coveredstatements="0" elements="64" coveredelements="0"/>
      </file>
      <file name="/Users/ocarrasco/Sites/pro-motors-api/app/Core/Traits/Slug/SlugOptions.php">
        <class name="App\Core\Traits\Slug\SlugOptions" namespace="App\Core\Traits\Slug">
          <metrics complexity="17" methods="16" coveredmethods="4" conditionals="0" coveredconditionals="0" statements="34" coveredstatements="9" elements="50" coveredelements="13"/>
        </class>
        <line num="52" type="method" name="create" visibility="public" complexity="1" crap="1" count="72"/>
        <line num="54" type="stmt" count="72"/>
        <line num="63" type="method" name="createWithLocales" visibility="public" complexity="1" crap="2" count="0"/>
        <line num="65" type="stmt" count="0"/>
        <line num="67" type="stmt" count="0"/>
        <line num="69" type="stmt" count="0"/>
        <line num="78" type="method" name="generateSlugsFrom" visibility="public" complexity="2" crap="2" count="72"/>
        <line num="80" type="stmt" count="72"/>
        <line num="81" type="stmt" count="72"/>
        <line num="84" type="stmt" count="72"/>
        <line num="86" type="stmt" count="72"/>
        <line num="95" type="method" name="saveSlugsTo" visibility="public" complexity="1" crap="1" count="72"/>
        <line num="97" type="stmt" count="72"/>
        <line num="99" type="stmt" count="72"/>
        <line num="107" type="method" name="allowDuplicateSlugs" visibility="public" complexity="1" crap="2" count="0"/>
        <line num="109" type="stmt" count="0"/>
        <line num="111" type="stmt" count="0"/>
        <line num="120" type="method" name="slugsShouldBeNoLongerThan" visibility="public" complexity="1" crap="2" count="0"/>
        <line num="122" type="stmt" count="0"/>
        <line num="124" type="stmt" count="0"/>
        <line num="133" type="method" name="skipGenerateWhen" visibility="public" complexity="1" crap="2" count="0"/>
        <line num="135" type="stmt" count="0"/>
        <line num="137" type="stmt" count="0"/>
        <line num="140" type="method" name="doNotGenerateSlugsOnCreate" visibility="public" complexity="1" crap="2" count="0"/>
        <line num="142" type="stmt" count="0"/>
        <line num="144" type="stmt" count="0"/>
        <line num="147" type="method" name="doNotGenerateSlugsOnUpdate" visibility="public" complexity="1" crap="2" count="0"/>
        <line num="149" type="stmt" count="0"/>
        <line num="151" type="stmt" count="0"/>
        <line num="154" type="method" name="preventOverwrite" visibility="public" complexity="1" crap="2" count="0"/>
        <line num="156" type="stmt" count="0"/>
        <line num="158" type="stmt" count="0"/>
        <line num="161" type="method" name="usingSeparator" visibility="public" complexity="1" crap="1" count="72"/>
        <line num="163" type="stmt" count="72"/>
        <line num="165" type="stmt" count="72"/>
        <line num="168" type="method" name="usingLanguage" visibility="public" complexity="1" crap="2" count="0"/>
        <line num="170" type="stmt" count="0"/>
        <line num="172" type="stmt" count="0"/>
        <line num="175" type="method" name="extraScope" visibility="public" complexity="1" crap="2" count="0"/>
        <line num="177" type="stmt" count="0"/>
        <line num="179" type="stmt" count="0"/>
        <line num="182" type="method" name="startSlugSuffixFrom" visibility="public" complexity="1" crap="2" count="0"/>
        <line num="184" type="stmt" count="0"/>
        <line num="186" type="stmt" count="0"/>
        <line num="189" type="method" name="useSuffixOnFirstOccurrence" visibility="public" complexity="1" crap="2" count="0"/>
        <line num="191" type="stmt" count="0"/>
        <line num="193" type="stmt" count="0"/>
        <line num="200" type="method" name="usingSuffixGenerator" visibility="public" complexity="1" crap="2" count="0"/>
        <line num="202" type="stmt" count="0"/>
        <line num="204" type="stmt" count="0"/>
        <metrics loc="207" ncloc="154" classes="1" methods="16" coveredmethods="4" conditionals="0" coveredconditionals="0" statements="34" coveredstatements="9" elements="50" coveredelements="13"/>
      </file>
    </package>
    <package name="App\Events">
      <file name="/Users/ocarrasco/Sites/pro-motors-api/app/Events/SubscriptionExpired.php">
        <class name="App\Events\SubscriptionExpired" namespace="App\Events">
          <metrics complexity="2" methods="2" coveredmethods="0" conditionals="0" coveredconditionals="0" statements="4" coveredstatements="0" elements="6" coveredelements="0"/>
        </class>
        <line num="21" type="method" name="__construct" visibility="public" complexity="1" crap="2" count="0"/>
        <line num="24" type="stmt" count="0"/>
        <line num="31" type="method" name="broadcastOn" visibility="public" complexity="1" crap="2" count="0"/>
        <line num="33" type="stmt" count="0"/>
        <line num="34" type="stmt" count="0"/>
        <line num="35" type="stmt" count="0"/>
        <metrics loc="38" ncloc="29" classes="1" methods="2" coveredmethods="0" conditionals="0" coveredconditionals="0" statements="4" coveredstatements="0" elements="6" coveredelements="0"/>
      </file>
      <file name="/Users/ocarrasco/Sites/pro-motors-api/app/Events/SubscriptionExpiring.php">
        <class name="App\Events\SubscriptionExpiring" namespace="App\Events">
          <metrics complexity="2" methods="2" coveredmethods="0" conditionals="0" coveredconditionals="0" statements="4" coveredstatements="0" elements="6" coveredelements="0"/>
        </class>
        <line num="21" type="method" name="__construct" visibility="public" complexity="1" crap="2" count="0"/>
        <line num="24" type="stmt" count="0"/>
        <line num="31" type="method" name="broadcastOn" visibility="public" complexity="1" crap="2" count="0"/>
        <line num="33" type="stmt" count="0"/>
        <line num="34" type="stmt" count="0"/>
        <line num="35" type="stmt" count="0"/>
        <metrics loc="38" ncloc="29" classes="1" methods="2" coveredmethods="0" conditionals="0" coveredconditionals="0" statements="4" coveredstatements="0" elements="6" coveredelements="0"/>
      </file>
    </package>
    <package name="App\Exceptions">
      <file name="/Users/ocarrasco/Sites/pro-motors-api/app/Exceptions/InvalidOption.php">
        <class name="App\Exceptions\InvalidOption" namespace="App\Exceptions">
          <metrics complexity="3" methods="3" coveredmethods="0" conditionals="0" coveredconditionals="0" statements="3" coveredstatements="0" elements="6" coveredelements="0"/>
        </class>
        <line num="9" type="method" name="missingFromField" visibility="public" complexity="1" crap="2" count="0"/>
        <line num="11" type="stmt" count="0"/>
        <line num="14" type="method" name="missingSlugField" visibility="public" complexity="1" crap="2" count="0"/>
        <line num="16" type="stmt" count="0"/>
        <line num="19" type="method" name="invalidMaximumLength" visibility="public" complexity="1" crap="2" count="0"/>
        <line num="21" type="stmt" count="0"/>
        <metrics loc="24" ncloc="24" classes="1" methods="3" coveredmethods="0" conditionals="0" coveredconditionals="0" statements="3" coveredstatements="0" elements="6" coveredelements="0"/>
      </file>
    </package>
    <package name="App\Http\Controllers\Auth">
      <file name="/Users/ocarrasco/Sites/pro-motors-api/app/Http/Controllers/Auth/AuthController.php">
        <class name="App\Http\Controllers\Auth\AuthController" namespace="App\Http\Controllers\Auth">
          <metrics complexity="6" methods="5" coveredmethods="4" conditionals="0" coveredconditionals="0" statements="12" coveredstatements="11" elements="17" coveredelements="15"/>
        </class>
        <line num="13" type="method" name="__construct" visibility="public" complexity="1" crap="1" count="10"/>
        <line num="15" type="method" name="login" visibility="public" complexity="1" crap="1" count="5"/>
        <line num="17" type="stmt" count="5"/>
        <line num="20" type="method" name="logout" visibility="public" complexity="2" crap="2.15" count="1"/>
        <line num="22" type="stmt" count="1"/>
        <line num="23" type="stmt" count="0"/>
        <line num="26" type="stmt" count="1"/>
        <line num="29" type="method" name="refresh" visibility="public" complexity="1" crap="1" count="1"/>
        <line num="31" type="stmt" count="1"/>
        <line num="32" type="stmt" count="1"/>
        <line num="33" type="stmt" count="1"/>
        <line num="34" type="stmt" count="1"/>
        <line num="37" type="method" name="me" visibility="public" complexity="1" crap="1" count="1"/>
        <line num="39" type="stmt" count="1"/>
        <line num="40" type="stmt" count="1"/>
        <line num="41" type="stmt" count="1"/>
        <metrics loc="44" ncloc="44" classes="1" methods="5" coveredmethods="4" conditionals="0" coveredconditionals="0" statements="12" coveredstatements="11" elements="17" coveredelements="15"/>
      </file>
    </package>
    <package name="App\Http\Controllers">
      <file name="/Users/ocarrasco/Sites/pro-motors-api/app/Http/Controllers/Controller.php">
        <class name="App\Http\Controllers\Controller" namespace="App\Http\Controllers">
          <metrics complexity="0" methods="0" coveredmethods="0" conditionals="0" coveredconditionals="0" statements="0" coveredstatements="0" elements="0" coveredelements="0"/>
        </class>
        <metrics loc="14" ncloc="14" classes="0" methods="0" coveredmethods="0" conditionals="0" coveredconditionals="0" statements="0" coveredstatements="0" elements="0" coveredelements="0"/>
      </file>
    </package>
    <package name="App\Http\Controllers\Settings">
      <file name="/Users/ocarrasco/Sites/pro-motors-api/app/Http/Controllers/Settings/CompanyController.php">
        <class name="App\Http\Controllers\Settings\CompanyController" namespace="App\Http\Controllers\Settings">
          <metrics complexity="8" methods="6" coveredmethods="0" conditionals="0" coveredconditionals="0" statements="12" coveredstatements="0" elements="18" coveredelements="0"/>
        </class>
        <line num="14" type="method" name="__construct" visibility="public" complexity="1" crap="2" count="0"/>
        <line num="15" type="stmt" count="0"/>
        <line num="21" type="method" name="index" visibility="public" complexity="1" crap="2" count="0"/>
        <line num="23" type="stmt" count="0"/>
        <line num="29" type="method" name="store" visibility="public" complexity="1" crap="2" count="0"/>
        <line num="31" type="stmt" count="0"/>
        <line num="37" type="method" name="show" visibility="public" complexity="1" crap="2" count="0"/>
        <line num="39" type="stmt" count="0"/>
        <line num="45" type="method" name="update" visibility="public" complexity="2" crap="6" count="0"/>
        <line num="47" type="stmt" count="0"/>
        <line num="49" type="stmt" count="0"/>
        <line num="50" type="stmt" count="0"/>
        <line num="52" type="stmt" count="0"/>
        <line num="59" type="method" name="destroy" visibility="public" complexity="2" crap="6" count="0"/>
        <line num="61" type="stmt" count="0"/>
        <line num="63" type="stmt" count="0"/>
        <line num="64" type="stmt" count="0"/>
        <line num="66" type="stmt" count="0"/>
        <metrics loc="70" ncloc="55" classes="1" methods="6" coveredmethods="0" conditionals="0" coveredconditionals="0" statements="12" coveredstatements="0" elements="18" coveredelements="0"/>
      </file>
      <file name="/Users/ocarrasco/Sites/pro-motors-api/app/Http/Controllers/Settings/UserController.php">
        <class name="App\Http\Controllers\Settings\UserController" namespace="App\Http\Controllers\Settings">
          <metrics complexity="11" methods="9" coveredmethods="7" conditionals="0" coveredconditionals="0" statements="16" coveredstatements="12" elements="25" coveredelements="19"/>
        </class>
        <line num="16" type="method" name="__construct" visibility="public" complexity="1" crap="1" count="14"/>
        <line num="18" type="stmt" count="14"/>
        <line num="24" type="method" name="index" visibility="public" complexity="1" crap="1" count="3"/>
        <line num="26" type="stmt" count="3"/>
        <line num="32" type="method" name="store" visibility="public" complexity="1" crap="1" count="2"/>
        <line num="34" type="stmt" count="2"/>
        <line num="40" type="method" name="show" visibility="public" complexity="1" crap="1" count="1"/>
        <line num="42" type="stmt" count="1"/>
        <line num="48" type="method" name="update" visibility="public" complexity="1" crap="1" count="1"/>
        <line num="50" type="stmt" count="1"/>
        <line num="58" type="method" name="changePassword" visibility="public" complexity="2" crap="6" count="0"/>
        <line num="60" type="stmt" count="0"/>
        <line num="61" type="stmt" count="0"/>
        <line num="64" type="stmt" count="0"/>
        <line num="70" type="method" name="destroy" visibility="public" complexity="1" crap="1" count="1"/>
        <line num="72" type="stmt" count="1"/>
        <line num="78" type="method" name="toggle" visibility="public" complexity="2" crap="2.15" count="1"/>
        <line num="80" type="stmt" count="1"/>
        <line num="81" type="stmt" count="1"/>
        <line num="84" type="stmt" count="0"/>
        <line num="87" type="method" name="resourceAbilityMap" visibility="protected" complexity="1" crap="1" count="14"/>
        <line num="89" type="stmt" count="14"/>
        <line num="90" type="stmt" count="14"/>
        <line num="91" type="stmt" count="14"/>
        <line num="92" type="stmt" count="14"/>
        <metrics loc="95" ncloc="72" classes="1" methods="9" coveredmethods="7" conditionals="0" coveredconditionals="0" statements="16" coveredstatements="12" elements="25" coveredelements="19"/>
      </file>
    </package>
    <package name="App\Http\Middleware">
      <file name="/Users/ocarrasco/Sites/pro-motors-api/app/Http/Middleware/CheckTokenExpiration.php">
        <class name="App\Http\Middleware\CheckTokenExpiration" namespace="App\Http\Middleware">
          <metrics complexity="3" methods="2" coveredmethods="0" conditionals="0" coveredconditionals="0" statements="4" coveredstatements="0" elements="6" coveredelements="0"/>
        </class>
        <line num="14" type="method" name="__construct" visibility="public" complexity="1" crap="2" count="0"/>
        <line num="22" type="method" name="handle" visibility="public" complexity="2" crap="6" count="0"/>
        <line num="24" type="stmt" count="0"/>
        <line num="25" type="stmt" count="0"/>
        <line num="28" type="stmt" count="0"/>
        <metrics loc="31" ncloc="25" classes="1" methods="2" coveredmethods="0" conditionals="0" coveredconditionals="0" statements="4" coveredstatements="0" elements="6" coveredelements="0"/>
      </file>
      <file name="/Users/ocarrasco/Sites/pro-motors-api/app/Http/Middleware/ForceJsonResponse.php">
        <class name="App\Http\Middleware\ForceJsonResponse" namespace="App\Http\Middleware">
          <metrics complexity="2" methods="1" coveredmethods="0" conditionals="0" coveredconditionals="0" statements="3" coveredstatements="0" elements="4" coveredelements="0"/>
        </class>
        <line num="16" type="method" name="handle" visibility="public" complexity="2" crap="6" count="0"/>
        <line num="18" type="stmt" count="0"/>
        <line num="19" type="stmt" count="0"/>
        <line num="22" type="stmt" count="0"/>
        <metrics loc="25" ncloc="20" classes="1" methods="1" coveredmethods="0" conditionals="0" coveredconditionals="0" statements="3" coveredstatements="0" elements="4" coveredelements="0"/>
      </file>
    </package>
    <package name="App\Http\Requests\Auth">
      <file name="/Users/ocarrasco/Sites/pro-motors-api/app/Http/Requests/Auth/LoginRequest.php">
        <class name="App\Http\Requests\Auth\LoginRequest" namespace="App\Http\Requests\Auth">
          <metrics complexity="2" methods="2" coveredmethods="2" conditionals="0" coveredconditionals="0" statements="5" coveredstatements="5" elements="7" coveredelements="7"/>
        </class>
        <line num="12" type="method" name="authorize" visibility="public" complexity="1" crap="1" count="6"/>
        <line num="14" type="stmt" count="6"/>
        <line num="22" type="method" name="rules" visibility="public" complexity="1" crap="1" count="6"/>
        <line num="24" type="stmt" count="6"/>
        <line num="25" type="stmt" count="6"/>
        <line num="26" type="stmt" count="6"/>
        <line num="27" type="stmt" count="6"/>
        <metrics loc="30" ncloc="22" classes="1" methods="2" coveredmethods="2" conditionals="0" coveredconditionals="0" statements="5" coveredstatements="5" elements="7" coveredelements="7"/>
      </file>
    </package>
    <package name="App\Http\Requests\Common">
      <file name="/Users/ocarrasco/Sites/pro-motors-api/app/Http/Requests/Common/SearchRequest.php">
        <class name="App\Http\Requests\Common\SearchRequest" namespace="App\Http\Requests\Common">
          <metrics complexity="3" methods="3" coveredmethods="3" conditionals="0" coveredconditionals="0" statements="18" coveredstatements="18" elements="21" coveredelements="21"/>
        </class>
        <line num="13" type="method" name="authorize" visibility="public" complexity="1" crap="1" count="3"/>
        <line num="15" type="stmt" count="3"/>
        <line num="23" type="method" name="rules" visibility="public" complexity="1" crap="1" count="3"/>
        <line num="25" type="stmt" count="3"/>
        <line num="26" type="stmt" count="3"/>
        <line num="27" type="stmt" count="3"/>
        <line num="28" type="stmt" count="3"/>
        <line num="29" type="stmt" count="3"/>
        <line num="30" type="stmt" count="3"/>
        <line num="31" type="stmt" count="3"/>
        <line num="32" type="stmt" count="3"/>
        <line num="35" type="method" name="toDTO" visibility="public" complexity="1" crap="1" count="3"/>
        <line num="37" type="stmt" count="3"/>
        <line num="38" type="stmt" count="3"/>
        <line num="39" type="stmt" count="3"/>
        <line num="40" type="stmt" count="3"/>
        <line num="41" type="stmt" count="3"/>
        <line num="42" type="stmt" count="3"/>
        <line num="43" type="stmt" count="3"/>
        <line num="44" type="stmt" count="3"/>
        <line num="45" type="stmt" count="3"/>
        <metrics loc="48" ncloc="40" classes="1" methods="3" coveredmethods="3" conditionals="0" coveredconditionals="0" statements="18" coveredstatements="18" elements="21" coveredelements="21"/>
      </file>
    </package>
    <package name="App\Http\Requests\Settings">
      <file name="/Users/ocarrasco/Sites/pro-motors-api/app/Http/Requests/Settings/ChangePasswordRequest.php">
        <class name="App\Http\Requests\Settings\ChangePasswordRequest" namespace="App\Http\Requests\Settings">
          <metrics complexity="2" methods="2" coveredmethods="0" conditionals="0" coveredconditionals="0" statements="4" coveredstatements="0" elements="6" coveredelements="0"/>
        </class>
        <line num="12" type="method" name="authorize" visibility="public" complexity="1" crap="2" count="0"/>
        <line num="14" type="stmt" count="0"/>
        <line num="22" type="method" name="rules" visibility="public" complexity="1" crap="2" count="0"/>
        <line num="24" type="stmt" count="0"/>
        <line num="25" type="stmt" count="0"/>
        <line num="26" type="stmt" count="0"/>
        <metrics loc="29" ncloc="21" classes="1" methods="2" coveredmethods="0" conditionals="0" coveredconditionals="0" statements="4" coveredstatements="0" elements="6" coveredelements="0"/>
      </file>
      <file name="/Users/ocarrasco/Sites/pro-motors-api/app/Http/Requests/Settings/ChangeUserPasswordRequest.php">
        <class name="App\Http\Requests\Settings\ChangeUserPasswordRequest" namespace="App\Http\Requests\Settings">
          <metrics complexity="2" methods="2" coveredmethods="0" conditionals="0" coveredconditionals="0" statements="5" coveredstatements="0" elements="7" coveredelements="0"/>
        </class>
        <line num="13" type="method" name="authorize" visibility="public" complexity="1" crap="2" count="0"/>
        <line num="16" type="stmt" count="0"/>
        <line num="18" type="stmt" count="0"/>
        <line num="26" type="method" name="rules" visibility="public" complexity="1" crap="2" count="0"/>
        <line num="28" type="stmt" count="0"/>
        <line num="29" type="stmt" count="0"/>
        <line num="30" type="stmt" count="0"/>
        <metrics loc="33" ncloc="24" classes="1" methods="2" coveredmethods="0" conditionals="0" coveredconditionals="0" statements="5" coveredstatements="0" elements="7" coveredelements="0"/>
      </file>
      <file name="/Users/ocarrasco/Sites/pro-motors-api/app/Http/Requests/Settings/CompanyRequest.php">
        <class name="App\Http\Requests\Settings\CompanyRequest" namespace="App\Http\Requests\Settings">
          <metrics complexity="2" methods="2" coveredmethods="0" conditionals="0" coveredconditionals="0" statements="20" coveredstatements="0" elements="22" coveredelements="0"/>
        </class>
        <line num="13" type="method" name="authorize" visibility="public" complexity="1" crap="2" count="0"/>
        <line num="16" type="stmt" count="0"/>
        <line num="18" type="stmt" count="0"/>
        <line num="26" type="method" name="rules" visibility="public" complexity="1" crap="2" count="0"/>
        <line num="28" type="stmt" count="0"/>
        <line num="29" type="stmt" count="0"/>
        <line num="30" type="stmt" count="0"/>
        <line num="31" type="stmt" count="0"/>
        <line num="32" type="stmt" count="0"/>
        <line num="33" type="stmt" count="0"/>
        <line num="34" type="stmt" count="0"/>
        <line num="35" type="stmt" count="0"/>
        <line num="36" type="stmt" count="0"/>
        <line num="37" type="stmt" count="0"/>
        <line num="38" type="stmt" count="0"/>
        <line num="39" type="stmt" count="0"/>
        <line num="40" type="stmt" count="0"/>
        <line num="41" type="stmt" count="0"/>
        <line num="42" type="stmt" count="0"/>
        <line num="43" type="stmt" count="0"/>
        <line num="44" type="stmt" count="0"/>
        <line num="45" type="stmt" count="0"/>
        <metrics loc="48" ncloc="39" classes="1" methods="2" coveredmethods="0" conditionals="0" coveredconditionals="0" statements="20" coveredstatements="0" elements="22" coveredelements="0"/>
      </file>
      <file name="/Users/ocarrasco/Sites/pro-motors-api/app/Http/Requests/Settings/CompanyUpdateRequest.php">
        <class name="App\Http\Requests\Settings\CompanyUpdateRequest" namespace="App\Http\Requests\Settings">
          <metrics complexity="2" methods="2" coveredmethods="0" conditionals="0" coveredconditionals="0" statements="20" coveredstatements="0" elements="22" coveredelements="0"/>
        </class>
        <line num="14" type="method" name="authorize" visibility="public" complexity="1" crap="2" count="0"/>
        <line num="17" type="stmt" count="0"/>
        <line num="19" type="stmt" count="0"/>
        <line num="27" type="method" name="rules" visibility="public" complexity="1" crap="2" count="0"/>
        <line num="29" type="stmt" count="0"/>
        <line num="30" type="stmt" count="0"/>
[...]
        </class>
        <metrics loc="13" ncloc="12" classes="0" methods="0" coveredmethods="0" conditionals="0" coveredconditionals="0" statements="0" coveredstatements="0" elements="0" coveredelements="0"/>
      </file>
      <file name="/Users/ocarrasco/Sites/pro-motors-api/app/Models/ScheduledTask.php">
        <class name="App\Models\ScheduledTask" namespace="App\Models">
          <metrics complexity="2" methods="2" coveredmethods="0" conditionals="0" coveredconditionals="0" statements="2" coveredstatements="0" elements="4" coveredelements="0"/>
        </class>
        <line num="40" type="method" name="scheduledTaskRun" visibility="public" complexity="1" crap="2" count="0"/>
        <line num="42" type="stmt" count="0"/>
        <line num="45" type="method" name="scopeActive" visibility="public" complexity="1" crap="2" count="0"/>
        <line num="46" type="stmt" count="0"/>
        <metrics loc="49" ncloc="48" classes="1" methods="2" coveredmethods="0" conditionals="0" coveredconditionals="0" statements="2" coveredstatements="0" elements="4" coveredelements="0"/>
      </file>
      <file name="/Users/ocarrasco/Sites/pro-motors-api/app/Models/ScheduledTaskRun.php">
        <class name="App\Models\ScheduledTaskRun" namespace="App\Models">
          <metrics complexity="1" methods="1" coveredmethods="0" conditionals="0" coveredconditionals="0" statements="1" coveredstatements="0" elements="2" coveredelements="0"/>
        </class>
        <line num="28" type="method" name="scheduledTask" visibility="public" complexity="1" crap="2" count="0"/>
        <line num="30" type="stmt" count="0"/>
        <metrics loc="33" ncloc="33" classes="1" methods="1" coveredmethods="0" conditionals="0" coveredconditionals="0" statements="1" coveredstatements="0" elements="2" coveredelements="0"/>
      </file>
      <file name="/Users/ocarrasco/Sites/pro-motors-api/app/Models/Subscription.php">
        <class name="App\Models\Subscription" namespace="App\Models">
          <metrics complexity="0" methods="0" coveredmethods="0" conditionals="0" coveredconditionals="0" statements="0" coveredstatements="0" elements="0" coveredelements="0"/>
        </class>
        <metrics loc="13" ncloc="12" classes="0" methods="0" coveredmethods="0" conditionals="0" coveredconditionals="0" statements="0" coveredstatements="0" elements="0" coveredelements="0"/>
      </file>
      <file name="/Users/ocarrasco/Sites/pro-motors-api/app/Models/Tax.php">
        <class name="App\Models\Tax" namespace="App\Models">
          <metrics complexity="3" methods="3" coveredmethods="1" conditionals="0" coveredconditionals="0" statements="6" coveredstatements="4" elements="9" coveredelements="5"/>
        </class>
        <line num="37" type="method" name="getRouteKeyName" visibility="public" complexity="1" crap="2" count="0"/>
        <line num="39" type="stmt" count="0"/>
        <line num="47" type="method" name="getSlugOptions" visibility="public" complexity="1" crap="1" count="72"/>
        <line num="49" type="stmt" count="72"/>
        <line num="50" type="stmt" count="72"/>
        <line num="51" type="stmt" count="72"/>
        <line num="52" type="stmt" count="72"/>
        <line num="55" type="method" name="companies" visibility="protected" complexity="1" crap="2" count="0"/>
        <line num="57" type="stmt" count="0"/>
        <metrics loc="60" ncloc="44" classes="1" methods="3" coveredmethods="1" conditionals="0" coveredconditionals="0" statements="6" coveredstatements="4" elements="9" coveredelements="5"/>
      </file>
      <file name="/Users/ocarrasco/Sites/pro-motors-api/app/Models/User.php">
        <class name="App\Models\User" namespace="App\Models">
          <metrics complexity="23" methods="9" coveredmethods="4" conditionals="0" coveredconditionals="0" statements="42" coveredstatements="20" elements="51" coveredelements="24"/>
        </class>
        <line num="61" type="method" name="casts" visibility="protected" complexity="1" crap="1" count="72"/>
        <line num="63" type="stmt" count="72"/>
        <line num="64" type="stmt" count="72"/>
        <line num="65" type="stmt" count="72"/>
        <line num="66" type="stmt" count="72"/>
        <line num="67" type="stmt" count="72"/>
        <line num="68" type="stmt" count="72"/>
        <line num="71" type="method" name="getFullNameAttribute" visibility="public" complexity="1" crap="1" count="8"/>
        <line num="73" type="stmt" count="8"/>
        <line num="76" type="method" name="getAllPermissionsAttribute" visibility="public" complexity="1" crap="1" count="2"/>
        <line num="78" type="stmt" count="2"/>
        <line num="79" type="stmt" count="2"/>
        <line num="80" type="stmt" count="2"/>
        <line num="83" type="method" name="company" visibility="public" complexity="1" crap="1" count="12"/>
        <line num="85" type="stmt" count="12"/>
        <line num="88" type="method" name="scopeVisibleFor" visibility="public" complexity="4" crap="5.02" count="2"/>
        <line num="90" type="stmt" count="2"/>
        <line num="91" type="stmt" count="0"/>
        <line num="94" type="stmt" count="2"/>
        <line num="95" type="stmt" count="2"/>
        <line num="98" type="stmt" count="0"/>
        <line num="101" type="method" name="toSearchableArray" visibility="public" complexity="1" crap="2" count="0"/>
        <line num="103" type="stmt" count="0"/>
        <line num="104" type="stmt" count="0"/>
        <line num="105" type="stmt" count="0"/>
        <line num="106" type="stmt" count="0"/>
        <line num="107" type="stmt" count="0"/>
        <line num="108" type="stmt" count="0"/>
        <line num="109" type="stmt" count="0"/>
        <line num="110" type="stmt" count="0"/>
        <line num="111" type="stmt" count="0"/>
        <line num="114" type="method" name="canSeeUser" visibility="public" complexity="5" crap="6.60" count="1"/>
        <line num="116" type="stmt" count="1"/>
        <line num="117" type="stmt" count="0"/>
        <line num="120" type="stmt" count="1"/>
        <line num="121" type="stmt" count="1"/>
        <line num="124" type="stmt" count="0"/>
        <line num="127" type="method" name="isEditableFor" visibility="public" complexity="6" crap="42" count="0"/>
        <line num="129" type="stmt" count="0"/>
        <line num="130" type="stmt" count="0"/>
        <line num="133" type="stmt" count="0"/>
        <line num="134" type="stmt" count="0"/>
        <line num="137" type="stmt" count="0"/>
        <line num="138" type="stmt" count="0"/>
        <line num="141" type="stmt" count="0"/>
        <line num="144" type="method" name="isDestroyableFor" visibility="public" complexity="3" crap="3.58" count="1"/>
        <line num="146" type="stmt" count="1"/>
        <line num="147" type="stmt" count="0"/>
        <line num="150" type="stmt" count="1"/>
        <line num="151" type="stmt" count="0"/>
        <line num="154" type="stmt" count="1"/>
        <metrics loc="157" ncloc="140" classes="1" methods="9" coveredmethods="4" conditionals="0" coveredconditionals="0" statements="42" coveredstatements="20" elements="51" coveredelements="24"/>
      </file>
    </package>
    <package name="App\Notifications">
      <file name="/Users/ocarrasco/Sites/pro-motors-api/app/Notifications/SubscriptionExpiringNotification.php">
        <class name="App\Notifications\SubscriptionExpiringNotification" namespace="App\Notifications">
          <metrics complexity="4" methods="4" coveredmethods="0" conditionals="0" coveredconditionals="0" statements="9" coveredstatements="0" elements="13" coveredelements="0"/>
        </class>
        <line num="20" type="method" name="__construct" visibility="public" complexity="1" crap="2" count="0"/>
        <line num="22" type="stmt" count="0"/>
        <line num="30" type="method" name="via" visibility="public" complexity="1" crap="2" count="0"/>
        <line num="32" type="stmt" count="0"/>
        <line num="38" type="method" name="toMail" visibility="public" complexity="1" crap="2" count="0"/>
        <line num="40" type="stmt" count="0"/>
        <line num="41" type="stmt" count="0"/>
        <line num="42" type="stmt" count="0"/>
        <line num="43" type="stmt" count="0"/>
        <line num="51" type="method" name="toArray" visibility="public" complexity="1" crap="2" count="0"/>
        <line num="53" type="stmt" count="0"/>
        <line num="54" type="stmt" count="0"/>
        <line num="55" type="stmt" count="0"/>
        <metrics loc="58" ncloc="42" classes="1" methods="4" coveredmethods="0" conditionals="0" coveredconditionals="0" statements="9" coveredstatements="0" elements="13" coveredelements="0"/>
      </file>
    </package>
    <package name="App\Observers">
      <file name="/Users/ocarrasco/Sites/pro-motors-api/app/Observers/CompanyObserver.php">
        <class name="App\Observers\CompanyObserver" namespace="App\Observers">
          <metrics complexity="2" methods="1" coveredmethods="0" conditionals="0" coveredconditionals="0" statements="2" coveredstatements="0" elements="3" coveredelements="0"/>
        </class>
        <line num="9" type="method" name="updated" visibility="public" complexity="2" crap="6" count="0"/>
        <line num="11" type="stmt" count="0"/>
        <line num="12" type="stmt" count="0"/>
        <metrics loc="16" ncloc="16" classes="1" methods="1" coveredmethods="0" conditionals="0" coveredconditionals="0" statements="2" coveredstatements="0" elements="3" coveredelements="0"/>
      </file>
      <file name="/Users/ocarrasco/Sites/pro-motors-api/app/Observers/UserObserver.php">
        <class name="App\Observers\UserObserver" namespace="App\Observers">
          <metrics complexity="5" methods="3" coveredmethods="1" conditionals="0" coveredconditionals="0" statements="10" coveredstatements="6" elements="13" coveredelements="7"/>
        </class>
        <line num="10" type="method" name="saved" visibility="public" complexity="2" crap="2.50" count="72"/>
        <line num="12" type="stmt" count="72"/>
        <line num="13" type="stmt" count="0"/>
        <line num="14" type="stmt" count="0"/>
        <line num="17" type="stmt" count="72"/>
        <line num="20" type="method" name="updated" visibility="public" complexity="2" crap="3.19" count="6"/>
        <line num="22" type="stmt" count="6"/>
        <line num="23" type="stmt" count="0"/>
        <line num="24" type="stmt" count="0"/>
        <line num="28" type="method" name="deleted" visibility="public" complexity="1" crap="1" count="4"/>
        <line num="30" type="stmt" count="4"/>
        <line num="31" type="stmt" count="4"/>
        <line num="32" type="stmt" count="4"/>
        <metrics loc="35" ncloc="35" classes="1" methods="3" coveredmethods="1" conditionals="0" coveredconditionals="0" statements="10" coveredstatements="6" elements="13" coveredelements="7"/>
      </file>
    </package>
    <package name="App\Policies\Settings">
      <file name="/Users/ocarrasco/Sites/pro-motors-api/app/Policies/Settings/CompanyPolicy.php">
        <class name="App\Policies\Settings\CompanyPolicy" namespace="App\Policies\Settings">
          <metrics complexity="10" methods="7" coveredmethods="0" conditionals="0" coveredconditionals="0" statements="10" coveredstatements="0" elements="17" coveredelements="0"/>
        </class>
        <line num="15" type="method" name="viewAny" visibility="public" complexity="1" crap="2" count="0"/>
        <line num="17" type="stmt" count="0"/>
        <line num="23" type="method" name="view" visibility="public" complexity="2" crap="6" count="0"/>
        <line num="25" type="stmt" count="0"/>
        <line num="26" type="stmt" count="0"/>
        <line num="32" type="method" name="create" visibility="public" complexity="1" crap="2" count="0"/>
        <line num="34" type="stmt" count="0"/>
        <line num="40" type="method" name="update" visibility="public" complexity="2" crap="6" count="0"/>
        <line num="42" type="stmt" count="0"/>
        <line num="43" type="stmt" count="0"/>
        <line num="49" type="method" name="delete" visibility="public" complexity="2" crap="6" count="0"/>
        <line num="51" type="stmt" count="0"/>
        <line num="52" type="stmt" count="0"/>
        <line num="58" type="method" name="restore" visibility="public" complexity="1" crap="2" count="0"/>
        <line num="60" type="stmt" count="0"/>
        <line num="66" type="method" name="forceDelete" visibility="public" complexity="1" crap="2" count="0"/>
        <line num="68" type="stmt" count="0"/>
        <metrics loc="71" ncloc="50" classes="1" methods="7" coveredmethods="0" conditionals="0" coveredconditionals="0" statements="10" coveredstatements="0" elements="17" coveredelements="0"/>
      </file>
      <file name="/Users/ocarrasco/Sites/pro-motors-api/app/Policies/Settings/UserPolicy.php">
        <class name="App\Policies\Settings\UserPolicy" namespace="App\Policies\Settings">
          <metrics complexity="12" methods="8" coveredmethods="6" conditionals="0" coveredconditionals="0" statements="11" coveredstatements="9" elements="19" coveredelements="15"/>
        </class>
        <line num="13" type="method" name="viewAny" visibility="public" complexity="1" crap="1" count="6"/>
        <line num="15" type="stmt" count="6"/>
        <line num="21" type="method" name="view" visibility="public" complexity="2" crap="2" count="4"/>
        <line num="23" type="stmt" count="4"/>
        <line num="24" type="stmt" count="4"/>
        <line num="30" type="method" name="create" visibility="public" complexity="1" crap="1" count="5"/>
        <line num="32" type="stmt" count="5"/>
        <line num="38" type="method" name="update" visibility="public" complexity="3" crap="3" count="4"/>
        <line num="40" type="stmt" count="4"/>
        <line num="41" type="stmt" count="4"/>
        <line num="47" type="method" name="changePassword" visibility="public" complexity="1" crap="1" count="1"/>
        <line num="49" type="stmt" count="1"/>
        <line num="55" type="method" name="delete" visibility="public" complexity="2" crap="2" count="4"/>
        <line num="57" type="stmt" count="4"/>
        <line num="58" type="stmt" count="4"/>
        <line num="64" type="method" name="restore" visibility="public" complexity="1" crap="2" count="0"/>
        <line num="66" type="stmt" count="0"/>
        <line num="72" type="method" name="forceDelete" visibility="public" complexity="1" crap="2" count="0"/>
        <line num="74" type="stmt" count="0"/>
        <metrics loc="77" ncloc="53" classes="1" methods="8" coveredmethods="6" conditionals="0" coveredconditionals="0" statements="11" coveredstatements="9" elements="19" coveredelements="15"/>
      </file>
    </package>
    <package name="App\Providers">
      <file name="/Users/ocarrasco/Sites/pro-motors-api/app/Providers/AppServiceProvider.php">
        <class name="App\Providers\AppServiceProvider" namespace="App\Providers">
          <metrics complexity="3" methods="2" coveredmethods="1" conditionals="0" coveredconditionals="0" statements="6" coveredstatements="5" elements="8" coveredelements="6"/>
        </class>
        <line num="18" type="method" name="register" visibility="public" complexity="1" crap="1" count="72"/>
        <line num="21" type="stmt" count="72"/>
        <line num="26" type="method" name="boot" visibility="public" complexity="2" crap="2.03" count="72"/>
        <line num="28" type="stmt" count="72"/>
        <line num="29" type="stmt" count="72"/>
        <line num="31" type="stmt" count="72"/>
        <line num="32" type="stmt" count="72"/>
        <line num="35" type="stmt" count="0"/>
        <metrics loc="38" ncloc="31" classes="1" methods="2" coveredmethods="1" conditionals="0" coveredconditionals="0" statements="6" coveredstatements="5" elements="8" coveredelements="6"/>
      </file>
      <file name="/Users/ocarrasco/Sites/pro-motors-api/app/Providers/AuthServiceProvider.php">
        <class name="App\Providers\AuthServiceProvider" namespace="App\Providers">
          <metrics complexity="3" methods="2" coveredmethods="1" conditionals="0" coveredconditionals="0" statements="8" coveredstatements="7" elements="10" coveredelements="8"/>
        </class>
        <line num="31" type="method" name="register" visibility="public" complexity="1" crap="1" count="72"/>
        <line num="34" type="stmt" count="72"/>
        <line num="39" type="method" name="boot" visibility="public" complexity="2" crap="2.01" count="72"/>
        <line num="41" type="stmt" count="72"/>
        <line num="49" type="stmt" count="72"/>
        <line num="50" type="stmt" count="18"/>
        <line num="51" type="stmt" count="72"/>
        <line num="60" type="stmt" count="72"/>
        <line num="61" type="stmt" count="0"/>
        <line num="62" type="stmt" count="72"/>
        <metrics loc="65" ncloc="40" classes="1" methods="2" coveredmethods="1" conditionals="0" coveredconditionals="0" statements="8" coveredstatements="7" elements="10" coveredelements="8"/>
      </file>
      <file name="/Users/ocarrasco/Sites/pro-motors-api/app/Providers/ProMotorsServiceProvider.php">
        <class name="App\Providers\ProMotorsServiceProvider" namespace="App\Providers">
          <metrics complexity="3" methods="2" coveredmethods="2" conditionals="0" coveredconditionals="0" statements="11" coveredstatements="11" elements="13" coveredelements="13"/>
        </class>
        <line num="24" type="method" name="register" visibility="public" complexity="2" crap="2" count="72"/>
        <line num="26" type="stmt" count="72"/>
        <line num="28" type="stmt" count="72"/>
        <line num="29" type="stmt" count="72"/>
        <line num="32" type="stmt" count="72"/>
        <line num="35" type="stmt" count="72"/>
        <line num="36" type="stmt" count="72"/>
        <line num="37" type="stmt" count="72"/>
        <line num="38" type="stmt" count="72"/>
        <line num="40" type="stmt" count="72"/>
        <line num="41" type="stmt" count="72"/>
        <line num="48" type="method" name="boot" visibility="public" complexity="1" crap="1" count="72"/>
        <line num="51" type="stmt" count="72"/>
        <metrics loc="53" ncloc="43" classes="1" methods="2" coveredmethods="2" conditionals="0" coveredconditionals="0" statements="11" coveredstatements="11" elements="13" coveredelements="13"/>
      </file>
      <file name="/Users/ocarrasco/Sites/pro-motors-api/app/Providers/RouteServiceProvider.php">
        <class name="App\Providers\RouteServiceProvider" namespace="App\Providers">
          <metrics complexity="4" methods="3" coveredmethods="2" conditionals="0" coveredconditionals="0" statements="7" coveredstatements="5" elements="10" coveredelements="7"/>
        </class>
        <line num="16" type="method" name="register" visibility="public" complexity="1" crap="1" count="72"/>
        <line num="19" type="stmt" count="72"/>
        <line num="24" type="method" name="boot" visibility="public" complexity="1" crap="1" count="72"/>
        <line num="26" type="stmt" count="72"/>
        <line num="28" type="stmt" count="72"/>
        <line num="31" type="method" name="configureRoutes" visibility="protected" complexity="2" crap="2.50" count="72"/>
        <line num="33" type="stmt" count="72"/>
        <line num="34" type="stmt" count="0"/>
        <line num="35" type="stmt" count="0"/>
        <line num="36" type="stmt" count="72"/>
        <metrics loc="39" ncloc="32" classes="1" methods="3" coveredmethods="2" conditionals="0" coveredconditionals="0" statements="7" coveredstatements="5" elements="10" coveredelements="7"/>
      </file>
    </package>
    <metrics files="80" loc="4524" ncloc="3531" classes="65" methods="239" coveredmethods="64" conditionals="0" coveredconditionals="0" statements="997" coveredstatements="382" elements="1236" coveredelements="446"/>
  </project>
</coverage>
